<?xml version="1.0" encoding="UTF-8"?>
<!-- Generated by org.testng.reporters.JUnitReportReporter -->
<testsuite hostname="DESKTOP-3I243MU" failures="0" tests="1" name="testNG.Dummy" time="0.005" errors="0" timestamp="2023-12-01T22:16:23 IST" skipped="0">
  <testcase classname="testNG.Dummy" name="f" time="0.005"/>
  <system-out/>
</testsuite> <!-- testNG.Dummy -->
