<?xml version="1.0" encoding="UTF-8"?>
<!-- Generated by org.testng.reporters.JUnitReportReporter -->
<testsuite hostname="DESKTOP-2ST0VHT" failures="0" tests="1" name="testng.NewTest" time="0.008" errors="0" timestamp="2023-11-17T13:45:59 IST" skipped="0">
  <testcase classname="testng.NewTest" name="f" time="0.008"/>
</testsuite> <!-- testng.NewTest -->
