<?xml version="1.0" encoding="UTF-8"?>
<!-- Generated by org.testng.reporters.JUnitReportReporter -->
<testsuite hostname="DESKTOP-2ST0VHT" failures="0" tests="2" name="testng.NewTest2" time="0.008" errors="0" timestamp="2023-11-17T13:51:19 IST" skipped="0">
  <testcase classname="testng.NewTest2" name="f" time="0.002"/>
  <testcase classname="testng.NewTest2" name="f" time="0.006"/>
</testsuite> <!-- testng.NewTest2 -->
