<?xml version="1.0" encoding="UTF-8"?>
<!-- Generated by org.testng.reporters.JUnitReportReporter -->
<testsuite hostname="DESKTOP-T2ELDM1" failures="0" tests="1" name="testng.NewTest" time="0.004" errors="0" timestamp="2023-11-17T14:37:08 IST" skipped="0">
  <testcase classname="testng.NewTest" name="f" time="0.004"/>
  <system-out/>
</testsuite> <!-- testng.NewTest -->
